<?xml version="1.0" encoding="UTF-8"?>
<!-- Generated by org.testng.reporters.JUnitXMLReporter -->
<testsuite hostname="QJ08041111" failures="1" tests="1" name="Test" time="7.196" errors="0" timestamp="11 Aug 2021 02:56:33 GMT">
  <testcase classname="Googlesearchnew.Googlesearchnew.Searchnew" name="test" time="7.1">
    <failure type="org.openqa.selenium.SessionNotCreatedException" message="session not created: This version of ChromeDriver only supports Chrome version 92
Current browser version is 89.0.4389.114 with binary path C:\Program Files (x86)\Google\Chrome\Application\chrome.exe
Build info: version: &amp;apos;3.141.59&amp;apos;, revision: &amp;apos;e82be7d358&amp;apos;, time: &amp;apos;2018-11-14T08:17:03&amp;apos;
System info: host: &amp;apos;QJ08041111&amp;apos;, ip: &amp;apos;192.168.56.1&amp;apos;, os.name: &amp;apos;Windows 7&amp;apos;, os.arch: &amp;apos;amd64&amp;apos;, os.version: &amp;apos;6.1&amp;apos;, java.version: &amp;apos;15.0.1&amp;apos;
Driver info: driver.version: ChromeDriver
remote stacktrace: Backtrace:
	Ordinal0 [0x01102A33+2501171]
	Ordinal0 [0x0109D1C1+2085313]
	Ordinal0 [0x00FA1FA8+1056680]
	Ordinal0 [0x00FC020A+1180170]
	Ordinal0 [0x00FBC125+1163557]
	Ordinal0 [0x00FB997F+1153407]
	Ordinal0 [0x00FE999F+1350047]
	Ordinal0 [0x00FE960A+1349130]
	Ordinal0 [0x00FE551B+1332507]
	Ordinal0 [0x00FC1D74+1187188]
	Ordinal0 [0x00FC2BD9+1190873]
	GetHandleVerifier [0x0127EFE6+1504438]
	GetHandleVerifier [0x0132DDA5+2220661]
	GetHandleVerifier [0x01185589+481881]
	GetHandleVerifier [0x01184639+477961]
	Ordinal0 [0x010A28BD+2107581]
	Ordinal0 [0x010A6728+2123560]
	Ordinal0 [0x010A6862+2123874]
	Ordinal0 [0x010AFA81+2161281]
	BaseThreadInitThunk [0x74E6347D+18]
	RtlInitializeExceptionChain [0x77269852+99]
	RtlInitializeExceptionChain [0x77269825+54]
">
      <![CDATA[org.openqa.selenium.SessionNotCreatedException: session not created: This version of ChromeDriver only supports Chrome version 92
Current browser version is 89.0.4389.114 with binary path C:\Program Files (x86)\Google\Chrome\Application\chrome.exe
Build info: version: '3.141.59', revision: 'e82be7d358', time: '2018-11-14T08:17:03'
System info: host: 'QJ08041111', ip: '192.168.56.1', os.name: 'Windows 7', os.arch: 'amd64', os.version: '6.1', java.version: '15.0.1'
Driver info: driver.version: ChromeDriver
remote stacktrace: Backtrace:
	Ordinal0 [0x01102A33+2501171]
	Ordinal0 [0x0109D1C1+2085313]
	Ordinal0 [0x00FA1FA8+1056680]
	Ordinal0 [0x00FC020A+1180170]
	Ordinal0 [0x00FBC125+1163557]
	Ordinal0 [0x00FB997F+1153407]
	Ordinal0 [0x00FE999F+1350047]
	Ordinal0 [0x00FE960A+1349130]
	Ordinal0 [0x00FE551B+1332507]
	Ordinal0 [0x00FC1D74+1187188]
	Ordinal0 [0x00FC2BD9+1190873]
	GetHandleVerifier [0x0127EFE6+1504438]
	GetHandleVerifier [0x0132DDA5+2220661]
	GetHandleVerifier [0x01185589+481881]
	GetHandleVerifier [0x01184639+477961]
	Ordinal0 [0x010A28BD+2107581]
	Ordinal0 [0x010A6728+2123560]
	Ordinal0 [0x010A6862+2123874]
	Ordinal0 [0x010AFA81+2161281]
	BaseThreadInitThunk [0x74E6347D+18]
	RtlInitializeExceptionChain [0x77269852+99]
	RtlInitializeExceptionChain [0x77269825+54]

	at org.openqa.selenium.remote.W3CHandshakeResponse.lambda$errorHandler$0(W3CHandshakeResponse.java:62)
	at org.openqa.selenium.remote.HandshakeResponse.lambda$getResponseFunction$0(HandshakeResponse.java:30)
	at org.openqa.selenium.remote.ProtocolHandshake.lambda$createSession$0(ProtocolHandshake.java:126)
	at java.base/java.util.stream.ReferencePipeline$3$1.accept(ReferencePipeline.java:195)
	at java.base/java.util.Spliterators$ArraySpliterator.tryAdvance(Spliterators.java:958)
	at java.base/java.util.stream.ReferencePipeline.forEachWithCancel(ReferencePipeline.java:127)
	at java.base/java.util.stream.AbstractPipeline.copyIntoWithCancel(AbstractPipeline.java:502)
	at java.base/java.util.stream.AbstractPipeline.copyInto(AbstractPipeline.java:488)
	at java.base/java.util.stream.AbstractPipeline.wrapAndCopyInto(AbstractPipeline.java:474)
	at java.base/java.util.stream.FindOps$FindOp.evaluateSequential(FindOps.java:150)
	at java.base/java.util.stream.AbstractPipeline.evaluate(AbstractPipeline.java:234)
	at java.base/java.util.stream.ReferencePipeline.findFirst(ReferencePipeline.java:543)
	at org.openqa.selenium.remote.ProtocolHandshake.createSession(ProtocolHandshake.java:128)
	at org.openqa.selenium.remote.ProtocolHandshake.createSession(ProtocolHandshake.java:74)
	at org.openqa.selenium.remote.HttpCommandExecutor.execute(HttpCommandExecutor.java:136)
	at org.openqa.selenium.remote.service.DriverCommandExecutor.execute(DriverCommandExecutor.java:83)
	at org.openqa.selenium.remote.RemoteWebDriver.execute(RemoteWebDriver.java:552)
	at org.openqa.selenium.remote.RemoteWebDriver.startSession(RemoteWebDriver.java:213)
	at org.openqa.selenium.remote.RemoteWebDriver.<init>(RemoteWebDriver.java:131)
	at org.openqa.selenium.chrome.ChromeDriver.<init>(ChromeDriver.java:181)
	at org.openqa.selenium.chrome.ChromeDriver.<init>(ChromeDriver.java:168)
	at org.openqa.selenium.chrome.ChromeDriver.<init>(ChromeDriver.java:123)
	at Googlesearchnew.Googlesearchnew.Searchnew.test(Searchnew.java:35)
	at org.apache.maven.surefire.testng.TestNGExecutor.run(TestNGExecutor.java:283)
	at org.apache.maven.surefire.testng.TestNGXmlTestSuite.execute(TestNGXmlTestSuite.java:75)
	at org.apache.maven.surefire.testng.TestNGProvider.invoke(TestNGProvider.java:120)
	at org.apache.maven.surefire.booter.ForkedBooter.invokeProviderInSameClassLoader(ForkedBooter.java:386)
	at org.apache.maven.surefire.booter.ForkedBooter.runSuitesInProcess(ForkedBooter.java:323)
	at org.apache.maven.surefire.booter.ForkedBooter.main(ForkedBooter.java:143)
... Removed 26 stack frames]]>
    </failure>
  </testcase> <!-- test -->
</testsuite> <!-- Test -->
